  Proy1_Progra1_AguilarCerdasDavid.cpp
C:\Users\aguil\OneDrive\Documentos\GitHub\Proy1_Progra1_AguilarCerdasDavid\Proy1_Progra1_AguilarCerdasDavid\Proy1_Progra1_AguilarCerdasDavid.cpp(187,31): warning C4309: 'inicializando': truncamiento de valor constante
C:\Users\aguil\OneDrive\Documentos\GitHub\Proy1_Progra1_AguilarCerdasDavid\Proy1_Progra1_AguilarCerdasDavid\Proy1_Progra1_AguilarCerdasDavid.cpp(187,47): warning C4309: 'inicializando': truncamiento de valor constante
C:\Users\aguil\OneDrive\Documentos\GitHub\Proy1_Progra1_AguilarCerdasDavid\Proy1_Progra1_AguilarCerdasDavid\Proy1_Progra1_AguilarCerdasDavid.cpp(197,31): warning C4309: 'inicializando': truncamiento de valor constante
C:\Users\aguil\OneDrive\Documentos\GitHub\Proy1_Progra1_AguilarCerdasDavid\Proy1_Progra1_AguilarCerdasDavid\Proy1_Progra1_AguilarCerdasDavid.cpp(197,47): warning C4309: 'inicializando': truncamiento de valor constante
C:\Users\aguil\OneDrive\Documentos\GitHub\Proy1_Progra1_AguilarCerdasDavid\Proy1_Progra1_AguilarCerdasDavid\Proy1_Progra1_AguilarCerdasDavid.cpp(197,57): warning C4309: 'inicializando': truncamiento de valor constante
C:\Users\aguil\OneDrive\Documentos\GitHub\Proy1_Progra1_AguilarCerdasDavid\Proy1_Progra1_AguilarCerdasDavid\Proy1_Progra1_AguilarCerdasDavid.cpp(197,67): warning C4309: 'inicializando': truncamiento de valor constante
C:\Users\aguil\OneDrive\Documentos\GitHub\Proy1_Progra1_AguilarCerdasDavid\Proy1_Progra1_AguilarCerdasDavid\Proy1_Progra1_AguilarCerdasDavid.cpp(197,77): warning C4309: 'inicializando': truncamiento de valor constante
C:\Users\aguil\OneDrive\Documentos\GitHub\Proy1_Progra1_AguilarCerdasDavid\Proy1_Progra1_AguilarCerdasDavid\Proy1_Progra1_AguilarCerdasDavid.cpp(197,87): warning C4309: 'inicializando': truncamiento de valor constante
C:\Users\aguil\OneDrive\Documentos\GitHub\Proy1_Progra1_AguilarCerdasDavid\Proy1_Progra1_AguilarCerdasDavid\Proy1_Progra1_AguilarCerdasDavid.cpp(197,96): warning C4309: 'inicializando': truncamiento de valor constante
C:\Users\aguil\OneDrive\Documentos\GitHub\Proy1_Progra1_AguilarCerdasDavid\Proy1_Progra1_AguilarCerdasDavid\Proy1_Progra1_AguilarCerdasDavid.cpp(197,105): warning C4309: 'inicializando': truncamiento de valor constante
C:\Users\aguil\OneDrive\Documentos\GitHub\Proy1_Progra1_AguilarCerdasDavid\Proy1_Progra1_AguilarCerdasDavid\Proy1_Progra1_AguilarCerdasDavid.cpp(197,114): warning C4309: 'inicializando': truncamiento de valor constante
C:\Users\aguil\OneDrive\Documentos\GitHub\Proy1_Progra1_AguilarCerdasDavid\Proy1_Progra1_AguilarCerdasDavid\Proy1_Progra1_AguilarCerdasDavid.cpp(197,123): warning C4309: 'inicializando': truncamiento de valor constante
C:\Users\aguil\OneDrive\Documentos\GitHub\Proy1_Progra1_AguilarCerdasDavid\Proy1_Progra1_AguilarCerdasDavid\Proy1_Progra1_AguilarCerdasDavid.cpp(197,135): warning C4309: 'inicializando': truncamiento de valor constante
C:\Users\aguil\OneDrive\Documentos\GitHub\Proy1_Progra1_AguilarCerdasDavid\Proy1_Progra1_AguilarCerdasDavid\Proy1_Progra1_AguilarCerdasDavid.cpp(197,146): warning C4309: 'inicializando': truncamiento de valor constante
C:\Users\aguil\OneDrive\Documentos\GitHub\Proy1_Progra1_AguilarCerdasDavid\Proy1_Progra1_AguilarCerdasDavid\Proy1_Progra1_AguilarCerdasDavid.cpp(197,156): warning C4309: 'inicializando': truncamiento de valor constante
C:\Users\aguil\OneDrive\Documentos\GitHub\Proy1_Progra1_AguilarCerdasDavid\Proy1_Progra1_AguilarCerdasDavid\Proy1_Progra1_AguilarCerdasDavid.cpp(197,165): warning C4309: 'inicializando': truncamiento de valor constante
C:\Users\aguil\OneDrive\Documentos\GitHub\Proy1_Progra1_AguilarCerdasDavid\Proy1_Progra1_AguilarCerdasDavid\Proy1_Progra1_AguilarCerdasDavid.cpp(546,44): warning C4244: 'argumento': conversión de 'time_t' a 'int'; posible pérdida de datos
C:\Users\aguil\OneDrive\Documentos\GitHub\Proy1_Progra1_AguilarCerdasDavid\Proy1_Progra1_AguilarCerdasDavid\Proy1_Progra1_AguilarCerdasDavid.cpp(568,44): warning C4244: 'argumento': conversión de 'time_t' a 'int'; posible pérdida de datos
C:\Users\aguil\OneDrive\Documentos\GitHub\Proy1_Progra1_AguilarCerdasDavid\Proy1_Progra1_AguilarCerdasDavid\Proy1_Progra1_AguilarCerdasDavid.cpp(590,44): warning C4244: 'argumento': conversión de 'time_t' a 'int'; posible pérdida de datos
C:\Users\aguil\OneDrive\Documentos\GitHub\Proy1_Progra1_AguilarCerdasDavid\Proy1_Progra1_AguilarCerdasDavid\Proy1_Progra1_AguilarCerdasDavid.cpp(194,1): warning C4715: 'CinemaFuncion::occupiedSeats': no todas las rutas de acceso de control devuelven un valor
  Proy1_Progra1_AguilarCerdasDavid.vcxproj -> C:\Users\aguil\OneDrive\Documentos\GitHub\Proy1_Progra1_AguilarCerdasDavid\x64\Debug\Proy1_Progra1_AguilarCerdasDavid.exe
